<?xml version="1.0" encoding="UTF-8"?>
<robot generator="Robot 3.1.2 (Python 3.7.3 on win32)" generated="20190912 17:57:36.815" rpa="false">
<suite id="s1" name="TestSuite1" source="C:\Users\supriyam\eclipse-workspace\RobotProject1\Tests\TestSuite1.robot">
<kw name="Log" library="BuiltIn" type="setup">
<doc>Logs the given message with the given level.</doc>
<arguments>
<arg>I am inside test suite setup</arg>
</arguments>
<msg timestamp="20190912 17:57:37.223" level="INFO">I am inside test suite setup</msg>
<status status="PASS" starttime="20190912 17:57:37.223" endtime="20190912 17:57:37.223"></status>
</kw>
<test id="s1-t1" name="Sample Login test">
<kw name="OpenBrowser" type="setup">
<kw name="Open Browser" library="SeleniumLibrary">
<doc>Opens a new browser instance to the given ``url``.</doc>
<arguments>
<arg>${URL}</arg>
<arg>${Browser}</arg>
</arguments>
<msg timestamp="20190912 17:57:37.224" level="INFO">Opening browser 'Chrome' to base url 'https://opensource-demo.orangehrmlive.com/'.</msg>
<status status="PASS" starttime="20190912 17:57:37.224" endtime="20190912 17:57:42.759"></status>
</kw>
<status status="PASS" starttime="20190912 17:57:37.224" endtime="20190912 17:57:42.759"></status>
</kw>
<kw name="Log" library="BuiltIn">
<doc>Logs the given message with the given level.</doc>
<arguments>
<arg>Test started by %{username} in %{os}</arg>
</arguments>
<msg timestamp="20190912 17:57:42.760" level="INFO">Test started by supriyam in Windows_NT</msg>
<status status="PASS" starttime="20190912 17:57:42.760" endtime="20190912 17:57:42.760"></status>
</kw>
<kw name="Log" library="BuiltIn">
<doc>Logs the given message with the given level.</doc>
<arguments>
<arg>Name of the test is ${TEST NAME}</arg>
</arguments>
<msg timestamp="20190912 17:57:42.761" level="INFO">Name of the test is Sample Login test</msg>
<status status="PASS" starttime="20190912 17:57:42.760" endtime="20190912 17:57:42.761"></status>
</kw>
<kw name="Click Element" library="SeleniumLibrary">
<doc>Click element identified by ``locator``.</doc>
<arguments>
<arg>id=txtUsername</arg>
</arguments>
<msg timestamp="20190912 17:57:42.761" level="INFO">Clicking element 'id=txtUsername'.</msg>
<status status="PASS" starttime="20190912 17:57:42.761" endtime="20190912 17:57:42.898"></status>
</kw>
<kw name="Input Text" library="SeleniumLibrary">
<doc>Types the given ``text`` into text field identified by ``locator``.</doc>
<arguments>
<arg>id=txtUsername</arg>
<arg>@{Credentials}[0]</arg>
</arguments>
<msg timestamp="20190912 17:57:42.899" level="INFO">Typing text 'Admin' into text field 'id=txtUsername'.</msg>
<status status="PASS" starttime="20190912 17:57:42.899" endtime="20190912 17:57:43.036"></status>
</kw>
<kw name="Click Element" library="SeleniumLibrary">
<doc>Click element identified by ``locator``.</doc>
<arguments>
<arg>id=txtPassword</arg>
</arguments>
<msg timestamp="20190912 17:57:43.039" level="INFO">Clicking element 'id=txtPassword'.</msg>
<status status="PASS" starttime="20190912 17:57:43.038" endtime="20190912 17:57:43.113"></status>
</kw>
<kw name="Input Password" library="SeleniumLibrary">
<doc>Types the given password into text field identified by ``locator``.</doc>
<arguments>
<arg>id=txtPassword</arg>
<arg>&amp;{LoginData}[password]</arg>
</arguments>
<msg timestamp="20190912 17:57:43.114" level="INFO">Typing password into text field 'id=txtPassword'.</msg>
<status status="PASS" starttime="20190912 17:57:43.114" endtime="20190912 17:57:43.240"></status>
</kw>
<kw name="Click Element" library="SeleniumLibrary">
<doc>Click element identified by ``locator``.</doc>
<arguments>
<arg>id=btnLogin</arg>
</arguments>
<msg timestamp="20190912 17:57:43.240" level="INFO">Clicking element 'id=btnLogin'.</msg>
<status status="PASS" starttime="20190912 17:57:43.240" endtime="20190912 17:57:44.864"></status>
</kw>
<kw name="Set Browser Implicit Wait" library="SeleniumLibrary">
<doc>Sets the implicit wait value used by Selenium.</doc>
<arguments>
<arg>5</arg>
</arguments>
<status status="PASS" starttime="20190912 17:57:44.864" endtime="20190912 17:57:44.867"></status>
</kw>
<kw name="Click Element" library="SeleniumLibrary">
<doc>Click element identified by ``locator``.</doc>
<arguments>
<arg>id=welcome</arg>
</arguments>
<msg timestamp="20190912 17:57:44.868" level="INFO">Clicking element 'id=welcome'.</msg>
<status status="PASS" starttime="20190912 17:57:44.868" endtime="20190912 17:57:44.967"></status>
</kw>
<kw name="Set Browser Implicit Wait" library="SeleniumLibrary">
<doc>Sets the implicit wait value used by Selenium.</doc>
<arguments>
<arg>5</arg>
</arguments>
<status status="PASS" starttime="20190912 17:57:44.968" endtime="20190912 17:57:44.973"></status>
</kw>
<kw name="Click Element" library="SeleniumLibrary">
<doc>Click element identified by ``locator``.</doc>
<arguments>
<arg>Link=Logout</arg>
</arguments>
<msg timestamp="20190912 17:57:44.974" level="INFO">Clicking element 'Link=Logout'.</msg>
<status status="PASS" starttime="20190912 17:57:44.973" endtime="20190912 17:57:47.349"></status>
</kw>
<kw name="Log" library="BuiltIn">
<doc>Logs the given message with the given level.</doc>
<arguments>
<arg>Test completed</arg>
</arguments>
<msg timestamp="20190912 17:57:47.350" level="INFO">Test completed</msg>
<status status="PASS" starttime="20190912 17:57:47.350" endtime="20190912 17:57:47.350"></status>
</kw>
<kw name="CloseBrowser" type="teardown">
<kw name="Close Browser" library="SeleniumLibrary">
<doc>Closes the current browser.</doc>
<status status="PASS" starttime="20190912 17:57:47.351" endtime="20190912 17:57:49.612"></status>
</kw>
<status status="PASS" starttime="20190912 17:57:47.351" endtime="20190912 17:57:49.612"></status>
</kw>
<doc>Sample login test</doc>
<tags>
<tag>Regression</tag>
</tags>
<status status="PASS" starttime="20190912 17:57:37.223" endtime="20190912 17:57:49.613" critical="yes"></status>
</test>
<test id="s1-t2" name="KeywordTest">
<kw name="OpenBrowser" type="setup">
<kw name="Open Browser" library="SeleniumLibrary">
<doc>Opens a new browser instance to the given ``url``.</doc>
<arguments>
<arg>${URL}</arg>
<arg>${Browser}</arg>
</arguments>
<msg timestamp="20190912 17:57:49.616" level="INFO">Opening browser 'Chrome' to base url 'https://opensource-demo.orangehrmlive.com/'.</msg>
<status status="PASS" starttime="20190912 17:57:49.616" endtime="20190912 17:57:55.437"></status>
</kw>
<status status="PASS" starttime="20190912 17:57:49.616" endtime="20190912 17:57:55.437"></status>
</kw>
<kw name="Log" library="BuiltIn">
<doc>Logs the given message with the given level.</doc>
<arguments>
<arg>Test started by %{username} in %{os}</arg>
</arguments>
<msg timestamp="20190912 17:57:55.437" level="INFO">Test started by supriyam in Windows_NT</msg>
<status status="PASS" starttime="20190912 17:57:55.437" endtime="20190912 17:57:55.438"></status>
</kw>
<kw name="Log" library="BuiltIn">
<doc>Logs the given message with the given level.</doc>
<arguments>
<arg>Name of the test is ${TEST NAME}</arg>
</arguments>
<msg timestamp="20190912 17:57:55.438" level="INFO">Name of the test is KeywordTest</msg>
<status status="PASS" starttime="20190912 17:57:55.438" endtime="20190912 17:57:55.438"></status>
</kw>
<kw name="Click Element" library="SeleniumLibrary">
<doc>Click element identified by ``locator``.</doc>
<arguments>
<arg>id=txtUsername</arg>
</arguments>
<msg timestamp="20190912 17:57:55.439" level="INFO">Clicking element 'id=txtUsername'.</msg>
<status status="PASS" starttime="20190912 17:57:55.439" endtime="20190912 17:57:55.546"></status>
</kw>
<kw name="LoginKW">
<kw name="Input Text" library="SeleniumLibrary">
<doc>Types the given ``text`` into text field identified by ``locator``.</doc>
<arguments>
<arg>id=txtUsername</arg>
<arg>@{Credentials}[0]</arg>
</arguments>
<msg timestamp="20190912 17:57:55.548" level="INFO">Typing text 'Admin' into text field 'id=txtUsername'.</msg>
<status status="PASS" starttime="20190912 17:57:55.547" endtime="20190912 17:57:55.630"></status>
</kw>
<kw name="Click Element" library="SeleniumLibrary">
<doc>Click element identified by ``locator``.</doc>
<arguments>
<arg>id=txtPassword</arg>
</arguments>
<msg timestamp="20190912 17:57:55.631" level="INFO">Clicking element 'id=txtPassword'.</msg>
<status status="PASS" starttime="20190912 17:57:55.631" endtime="20190912 17:57:55.688"></status>
</kw>
<kw name="Input Password" library="SeleniumLibrary">
<doc>Types the given password into text field identified by ``locator``.</doc>
<arguments>
<arg>id=txtPassword</arg>
<arg>&amp;{LoginData}[password]</arg>
</arguments>
<msg timestamp="20190912 17:57:55.689" level="INFO">Typing password into text field 'id=txtPassword'.</msg>
<status status="PASS" starttime="20190912 17:57:55.688" endtime="20190912 17:57:55.770"></status>
</kw>
<kw name="Click Element" library="SeleniumLibrary">
<doc>Click element identified by ``locator``.</doc>
<arguments>
<arg>id=btnLogin</arg>
</arguments>
<msg timestamp="20190912 17:57:55.770" level="INFO">Clicking element 'id=btnLogin'.</msg>
<status status="PASS" starttime="20190912 17:57:55.770" endtime="20190912 17:57:57.392"></status>
</kw>
<status status="PASS" starttime="20190912 17:57:55.547" endtime="20190912 17:57:57.393"></status>
</kw>
<kw name="Set Browser Implicit Wait" library="SeleniumLibrary">
<doc>Sets the implicit wait value used by Selenium.</doc>
<arguments>
<arg>5</arg>
</arguments>
<status status="PASS" starttime="20190912 17:57:57.393" endtime="20190912 17:57:57.395"></status>
</kw>
<kw name="Click Element" library="SeleniumLibrary">
<doc>Click element identified by ``locator``.</doc>
<arguments>
<arg>id=welcome</arg>
</arguments>
<msg timestamp="20190912 17:57:57.395" level="INFO">Clicking element 'id=welcome'.</msg>
<status status="PASS" starttime="20190912 17:57:57.395" endtime="20190912 17:57:57.477"></status>
</kw>
<kw name="Set Browser Implicit Wait" library="SeleniumLibrary">
<doc>Sets the implicit wait value used by Selenium.</doc>
<arguments>
<arg>5</arg>
</arguments>
<status status="PASS" starttime="20190912 17:57:57.478" endtime="20190912 17:57:57.479"></status>
</kw>
<kw name="Click Element" library="SeleniumLibrary">
<doc>Click element identified by ``locator``.</doc>
<arguments>
<arg>Link=Logout</arg>
</arguments>
<msg timestamp="20190912 17:57:57.480" level="INFO">Clicking element 'Link=Logout'.</msg>
<status status="PASS" starttime="20190912 17:57:57.480" endtime="20190912 17:57:59.742"></status>
</kw>
<kw name="Log" library="BuiltIn">
<doc>Logs the given message with the given level.</doc>
<arguments>
<arg>Test completed</arg>
</arguments>
<msg timestamp="20190912 17:57:59.743" level="INFO">Test completed</msg>
<status status="PASS" starttime="20190912 17:57:59.743" endtime="20190912 17:57:59.743"></status>
</kw>
<kw name="CloseBrowser" type="teardown">
<kw name="Close Browser" library="SeleniumLibrary">
<doc>Closes the current browser.</doc>
<status status="PASS" starttime="20190912 17:57:59.744" endtime="20190912 17:58:02.006"></status>
</kw>
<status status="PASS" starttime="20190912 17:57:59.744" endtime="20190912 17:58:02.006"></status>
</kw>
<doc>Sample login test</doc>
<tags>
<tag>Sanity</tag>
</tags>
<status status="PASS" starttime="20190912 17:57:49.614" endtime="20190912 17:58:02.007" critical="yes"></status>
</test>
<kw name="Log" library="BuiltIn" type="teardown">
<doc>Logs the given message with the given level.</doc>
<arguments>
<arg>I am inside test suite Teardown</arg>
</arguments>
<msg timestamp="20190912 17:58:02.009" level="INFO">I am inside test suite Teardown</msg>
<status status="PASS" starttime="20190912 17:58:02.008" endtime="20190912 17:58:02.009"></status>
</kw>
<status status="PASS" starttime="20190912 17:57:36.818" endtime="20190912 17:58:02.009"></status>
</suite>
<statistics>
<total>
<stat pass="2" fail="0">Critical Tests</stat>
<stat pass="2" fail="0">All Tests</stat>
</total>
<tag>
<stat pass="1" fail="0">Regression</stat>
<stat pass="1" fail="0">Sanity</stat>
</tag>
<suite>
<stat pass="2" fail="0" id="s1" name="TestSuite1">TestSuite1</stat>
</suite>
</statistics>
<errors>
</errors>
</robot>
